- - - - - - - - - - - - - - - time: 0 - - - - - - - - - - - - - - - 

> phase 1: incoming spikes

>> add_{0,1}: 1

> phase 2: showing starting state

>> in_{0}: [0, 1]
>> in_{1}: [1, 0, 0, 1]
>> in_{2}: [0, 1, 1, 1]
>> stall_{2,0}: <0/0>
>> add_{0,1}: <1/0>
>> add_{0,1,2}: <0/0>
>> out: []

> phase 3: selecting rules

>> add_{0,1}: Rule(regex='^a$', consumed=1, produced=1, delay=0)

> phase 4: accumulating updates, detecting outputs

>> no events during phase 4

> phase 5: showing in-between state

>> in_{0}: [0, 1]
>> in_{1}: [1, 0, 0, 1]
>> in_{2}: [0, 1, 1, 1]
>> stall_{2,0}: <0/0>
>> add_{0,1}: <0/0>
>> add_{0,1,2}: <0/0>
>> out: [0]

- - - - - - - - - - - - - - - time: 1 - - - - - - - - - - - - - - - 

> phase 1: incoming spikes

>> stall_{2,0}: 1
>> add_{0,1}: 1
>> add_{0,1,2}: 1

> phase 2: showing starting state

>> in_{0}: [0, 1]
>> in_{1}: [1, 0, 0, 1]
>> in_{2}: [0, 1, 1, 1]
>> stall_{2,0}: <1/0>
>> add_{0,1}: <1/0>
>> add_{0,1,2}: <1/0>
>> out: [0]

> phase 3: selecting rules

>> stall_{2,0}: Rule(regex='^a$', consumed=1, produced=1, delay=0)
>> add_{0,1}: Rule(regex='^a$', consumed=1, produced=1, delay=0)
>> add_{0,1,2}: Rule(regex='^a$', consumed=1, produced=1, delay=0)

> phase 4: accumulating updates, detecting outputs

>> no events during phase 4

> phase 5: showing in-between state

>> in_{0}: [0, 1]
>> in_{1}: [1, 0, 0, 1]
>> in_{2}: [0, 1, 1, 1]
>> stall_{2,0}: <0/0>
>> add_{0,1}: <0/0>
>> add_{0,1,2}: <0/0>
>> out: [0, 1]

- - - - - - - - - - - - - - - time: 2 - - - - - - - - - - - - - - - 

> phase 1: incoming spikes

>> stall_{2,0}: 1
>> add_{0,1,2}: 2

> phase 2: showing starting state

>> in_{0}: [0, 1]
>> in_{1}: [1, 0, 0, 1]
>> in_{2}: [0, 1, 1, 1]
>> stall_{2,0}: <1/0>
>> add_{0,1}: <0/0>
>> add_{0,1,2}: <2/0>
>> out: [0, 1]

> phase 3: selecting rules

>> stall_{2,0}: Rule(regex='^a$', consumed=1, produced=1, delay=0)
>> add_{0,1,2}: Rule(regex='^a{2}$', consumed=1, produced=0, delay=0)

> phase 4: accumulating updates, detecting outputs

>> no events during phase 4

> phase 5: showing in-between state

>> in_{0}: [0, 1]
>> in_{1}: [1, 0, 0, 1]
>> in_{2}: [0, 1, 1, 1]
>> stall_{2,0}: <0/0>
>> add_{0,1}: <0/0>
>> add_{0,1,2}: <1/0>
>> out: [0, 1, 0]

- - - - - - - - - - - - - - - time: 3 - - - - - - - - - - - - - - - 

> phase 1: incoming spikes

>> stall_{2,0}: 1
>> add_{0,1}: 1
>> add_{0,1,2}: 1

> phase 2: showing starting state

>> in_{0}: [0, 1]
>> in_{1}: [1, 0, 0, 1]
>> in_{2}: [0, 1, 1, 1]
>> stall_{2,0}: <1/0>
>> add_{0,1}: <1/0>
>> add_{0,1,2}: <2/0>
>> out: [0, 1, 0]

> phase 3: selecting rules

>> stall_{2,0}: Rule(regex='^a$', consumed=1, produced=1, delay=0)
>> add_{0,1}: Rule(regex='^a$', consumed=1, produced=1, delay=0)
>> add_{0,1,2}: Rule(regex='^a{2}$', consumed=1, produced=0, delay=0)

> phase 4: accumulating updates, detecting outputs

>> no events during phase 4

> phase 5: showing in-between state

>> in_{0}: [0, 1]
>> in_{1}: [1, 0, 0, 1]
>> in_{2}: [0, 1, 1, 1]
>> stall_{2,0}: <0/0>
>> add_{0,1}: <0/0>
>> add_{0,1,2}: <1/0>
>> out: [0, 1, 0, 0]

- - - - - - - - - - - - - - - time: 4 - - - - - - - - - - - - - - - 

> phase 1: incoming spikes

>> add_{0,1,2}: 2

> phase 2: showing starting state

>> in_{0}: [0, 1]
>> in_{1}: [1, 0, 0, 1]
>> in_{2}: [0, 1, 1, 1]
>> stall_{2,0}: <0/0>
>> add_{0,1}: <0/0>
>> add_{0,1,2}: <3/0>
>> out: [0, 1, 0, 0]

> phase 3: selecting rules

>> add_{0,1,2}: Rule(regex='^a{3}$', consumed=2, produced=1, delay=0)

> phase 4: accumulating updates, detecting outputs

>> no events during phase 4

> phase 5: showing in-between state

>> in_{0}: [0, 1]
>> in_{1}: [1, 0, 0, 1]
>> in_{2}: [0, 1, 1, 1]
>> stall_{2,0}: <0/0>
>> add_{0,1}: <0/0>
>> add_{0,1,2}: <1/0>
>> out: [0, 1, 0, 0, 1]

- - - - - - - - - - - - - - - time: 5 - - - - - - - - - - - - - - - 

> phase 1: incoming spikes

>> no events during phase 1

> phase 2: showing starting state

>> in_{0}: [0, 1]
>> in_{1}: [1, 0, 0, 1]
>> in_{2}: [0, 1, 1, 1]
>> stall_{2,0}: <0/0>
>> add_{0,1}: <0/0>
>> add_{0,1,2}: <1/0>
>> out: [0, 1, 0, 0, 1]

> phase 3: selecting rules

>> add_{0,1,2}: Rule(regex='^a$', consumed=1, produced=1, delay=0)

> phase 4: accumulating updates, detecting outputs

>> no events during phase 4

> phase 5: showing in-between state

>> in_{0}: [0, 1]
>> in_{1}: [1, 0, 0, 1]
>> in_{2}: [0, 1, 1, 1]
>> stall_{2,0}: <0/0>
>> add_{0,1}: <0/0>
>> add_{0,1,2}: <0/0>
>> out: [0, 1, 0, 0, 1, 1]

- - - - - - - - - - - - - - - time: 6 - - - - - - - - - - - - - - - 

> phase 1: incoming spikes

>> no events during phase 1

> phase 2: showing starting state

>> in_{0}: [0, 1]
>> in_{1}: [1, 0, 0, 1]
>> in_{2}: [0, 1, 1, 1]
>> stall_{2,0}: <0/0>
>> add_{0,1}: <0/0>
>> add_{0,1,2}: <0/0>
>> out: [0, 1, 0, 0, 1, 1]

> phase 3: selecting rules

>> no events during phase 3

> phase 4: accumulating updates, detecting outputs

>> no events during phase 4

> phase 5: showing in-between state

>> in_{0}: [0, 1]
>> in_{1}: [1, 0, 0, 1]
>> in_{2}: [0, 1, 1, 1]
>> stall_{2,0}: <0/0>
>> add_{0,1}: <0/0>
>> add_{0,1,2}: <0/0>
>> out: [0, 1, 0, 0, 1, 1, 0]

