- - - - - - - - - - - - - - - time: 0 - - - - - - - - - - - - - - - 

> phase 1: incoming spikes

>> no events during phase 1

> phase 2: showing starting state

>> 1: <2/0>
>> 2: <1/0>
>> 3: <3/0>
>> env_{out}: []

> phase 3: selecting rules

>> 1: Rule(regex='^a{2}$', consumed=1, produced=1, delay=8)
>> 2: Rule(regex='^a$', consumed=1, produced=1, delay=8)
>> 3: Rule(regex='^a{3}$', consumed=3, produced=1, delay=0)

> phase 4: accumulating updates, detecting outputs

>> no events during phase 4

>> detected first output spike

> phase 5: showing in-between state

>> 1: <1/0>
>> 2: <0/0>
>> 3: <0/0>
>> env_{out}: [1]

- - - - - - - - - - - - - - - time: 1 - - - - - - - - - - - - - - - 

> phase 1: incoming spikes

>> no events during phase 1

> phase 2: showing starting state

>> 1: <1/0>
>> 2: <0/0>
>> 3: <0/0>
>> env_{out}: [1]

> phase 3: selecting rules

>> no events during phase 3

> phase 4: accumulating updates, detecting outputs

>> no events during phase 4

> phase 5: showing in-between state

>> 1: <1/0>
>> 2: <0/0>
>> 3: <0/0>
>> env_{out}: [1, 0]

- - - - - - - - - - - - - - - time: 2 - - - - - - - - - - - - - - - 

> phase 1: incoming spikes

>> no events during phase 1

> phase 2: showing starting state

>> 1: <1/0>
>> 2: <0/0>
>> 3: <0/0>
>> env_{out}: [1, 0]

> phase 3: selecting rules

>> no events during phase 3

> phase 4: accumulating updates, detecting outputs

>> no events during phase 4

> phase 5: showing in-between state

>> 1: <1/0>
>> 2: <0/0>
>> 3: <0/0>
>> env_{out}: [1, 0, 0]

- - - - - - - - - - - - - - - time: 3 - - - - - - - - - - - - - - - 

> phase 1: incoming spikes

>> no events during phase 1

> phase 2: showing starting state

>> 1: <1/0>
>> 2: <0/0>
>> 3: <0/0>
>> env_{out}: [1, 0, 0]

> phase 3: selecting rules

>> no events during phase 3

> phase 4: accumulating updates, detecting outputs

>> no events during phase 4

> phase 5: showing in-between state

>> 1: <1/0>
>> 2: <0/0>
>> 3: <0/0>
>> env_{out}: [1, 0, 0, 0]

- - - - - - - - - - - - - - - time: 4 - - - - - - - - - - - - - - - 

> phase 1: incoming spikes

>> no events during phase 1

> phase 2: showing starting state

>> 1: <1/0>
>> 2: <0/0>
>> 3: <0/0>
>> env_{out}: [1, 0, 0, 0]

> phase 3: selecting rules

>> no events during phase 3

> phase 4: accumulating updates, detecting outputs

>> no events during phase 4

> phase 5: showing in-between state

>> 1: <1/0>
>> 2: <0/0>
>> 3: <0/0>
>> env_{out}: [1, 0, 0, 0, 0]

- - - - - - - - - - - - - - - time: 5 - - - - - - - - - - - - - - - 

> phase 1: incoming spikes

>> no events during phase 1

> phase 2: showing starting state

>> 1: <1/0>
>> 2: <0/0>
>> 3: <0/0>
>> env_{out}: [1, 0, 0, 0, 0]

> phase 3: selecting rules

>> no events during phase 3

> phase 4: accumulating updates, detecting outputs

>> no events during phase 4

> phase 5: showing in-between state

>> 1: <1/0>
>> 2: <0/0>
>> 3: <0/0>
>> env_{out}: [1, 0, 0, 0, 0, 0]

- - - - - - - - - - - - - - - time: 6 - - - - - - - - - - - - - - - 

> phase 1: incoming spikes

>> no events during phase 1

> phase 2: showing starting state

>> 1: <1/0>
>> 2: <0/0>
>> 3: <0/0>
>> env_{out}: [1, 0, 0, 0, 0, 0]

> phase 3: selecting rules

>> no events during phase 3

> phase 4: accumulating updates, detecting outputs

>> no events during phase 4

> phase 5: showing in-between state

>> 1: <1/0>
>> 2: <0/0>
>> 3: <0/0>
>> env_{out}: [1, 0, 0, 0, 0, 0, 0]

- - - - - - - - - - - - - - - time: 7 - - - - - - - - - - - - - - - 

> phase 1: incoming spikes

>> no events during phase 1

> phase 2: showing starting state

>> 1: <1/0>
>> 2: <0/0>
>> 3: <0/0>
>> env_{out}: [1, 0, 0, 0, 0, 0, 0]

> phase 3: selecting rules

>> no events during phase 3

> phase 4: accumulating updates, detecting outputs

>> no events during phase 4

> phase 5: showing in-between state

>> 1: <1/0>
>> 2: <0/0>
>> 3: <0/0>
>> env_{out}: [1, 0, 0, 0, 0, 0, 0, 0]

- - - - - - - - - - - - - - - time: 8 - - - - - - - - - - - - - - - 

> phase 1: incoming spikes

>> no events during phase 1

> phase 2: showing starting state

>> 1: <1/0>
>> 2: <0/0>
>> 3: <0/0>
>> env_{out}: [1, 0, 0, 0, 0, 0, 0, 0]

> phase 3: selecting rules

>> no events during phase 3

> phase 4: accumulating updates, detecting outputs

>> no events during phase 4

> phase 5: showing in-between state

>> 1: <1/0>
>> 2: <0/0>
>> 3: <0/0>
>> env_{out}: [1, 0, 0, 0, 0, 0, 0, 0, 0]

- - - - - - - - - - - - - - - time: 9 - - - - - - - - - - - - - - - 

> phase 1: incoming spikes

>> 1: 1
>> 2: 1
>> 3: 2

> phase 2: showing starting state

>> 1: <2/0>
>> 2: <1/0>
>> 3: <2/0>
>> env_{out}: [1, 0, 0, 0, 0, 0, 0, 0, 0]

> phase 3: selecting rules

>> 1: Rule(regex='^a{2}$', consumed=1, produced=1, delay=8)
>> 2: Rule(regex='^a$', consumed=1, produced=1, delay=8)
>> 3: Rule(regex='^a{2}$', consumed=2, produced=0, delay=0)

> phase 4: accumulating updates, detecting outputs

>> no events during phase 4

> phase 5: showing in-between state

>> 1: <1/0>
>> 2: <0/0>
>> 3: <0/0>
>> env_{out}: [1, 0, 0, 0, 0, 0, 0, 0, 0, 0]

- - - - - - - - - - - - - - - time: 10 - - - - - - - - - - - - - - - 

> phase 1: incoming spikes

>> no events during phase 1

> phase 2: showing starting state

>> 1: <1/0>
>> 2: <0/0>
>> 3: <0/0>
>> env_{out}: [1, 0, 0, 0, 0, 0, 0, 0, 0, 0]

> phase 3: selecting rules

>> no events during phase 3

> phase 4: accumulating updates, detecting outputs

>> no events during phase 4

> phase 5: showing in-between state

>> 1: <1/0>
>> 2: <0/0>
>> 3: <0/0>
>> env_{out}: [1, 0, 0, 0, 0, 0, 0, 0, 0, 0, 0]

- - - - - - - - - - - - - - - time: 11 - - - - - - - - - - - - - - - 

> phase 1: incoming spikes

>> no events during phase 1

> phase 2: showing starting state

>> 1: <1/0>
>> 2: <0/0>
>> 3: <0/0>
>> env_{out}: [1, 0, 0, 0, 0, 0, 0, 0, 0, 0, 0]

> phase 3: selecting rules

>> no events during phase 3

> phase 4: accumulating updates, detecting outputs

>> no events during phase 4

> phase 5: showing in-between state

>> 1: <1/0>
>> 2: <0/0>
>> 3: <0/0>
>> env_{out}: [1, 0, 0, 0, 0, 0, 0, 0, 0, 0, 0, 0]

- - - - - - - - - - - - - - - time: 12 - - - - - - - - - - - - - - - 

> phase 1: incoming spikes

>> no events during phase 1

> phase 2: showing starting state

>> 1: <1/0>
>> 2: <0/0>
>> 3: <0/0>
>> env_{out}: [1, 0, 0, 0, 0, 0, 0, 0, 0, 0, 0, 0]

> phase 3: selecting rules

>> no events during phase 3

> phase 4: accumulating updates, detecting outputs

>> no events during phase 4

> phase 5: showing in-between state

>> 1: <1/0>
>> 2: <0/0>
>> 3: <0/0>
>> env_{out}: [1, 0, 0, 0, 0, 0, 0, 0, 0, 0, 0, 0, 0]

- - - - - - - - - - - - - - - time: 13 - - - - - - - - - - - - - - - 

> phase 1: incoming spikes

>> no events during phase 1

> phase 2: showing starting state

>> 1: <1/0>
>> 2: <0/0>
>> 3: <0/0>
>> env_{out}: [1, 0, 0, 0, 0, 0, 0, 0, 0, 0, 0, 0, 0]

> phase 3: selecting rules

>> no events during phase 3

> phase 4: accumulating updates, detecting outputs

>> no events during phase 4

> phase 5: showing in-between state

>> 1: <1/0>
>> 2: <0/0>
>> 3: <0/0>
>> env_{out}: [1, 0, 0, 0, 0, 0, 0, 0, 0, 0, 0, 0, 0, 0]

- - - - - - - - - - - - - - - time: 14 - - - - - - - - - - - - - - - 

> phase 1: incoming spikes

>> no events during phase 1

> phase 2: showing starting state

>> 1: <1/0>
>> 2: <0/0>
>> 3: <0/0>
>> env_{out}: [1, 0, 0, 0, 0, 0, 0, 0, 0, 0, 0, 0, 0, 0]

> phase 3: selecting rules

>> no events during phase 3

> phase 4: accumulating updates, detecting outputs

>> no events during phase 4

> phase 5: showing in-between state

>> 1: <1/0>
>> 2: <0/0>
>> 3: <0/0>
>> env_{out}: [1, 0, 0, 0, 0, 0, 0, 0, 0, 0, 0, 0, 0, 0, 0]

- - - - - - - - - - - - - - - time: 15 - - - - - - - - - - - - - - - 

> phase 1: incoming spikes

>> no events during phase 1

> phase 2: showing starting state

>> 1: <1/0>
>> 2: <0/0>
>> 3: <0/0>
>> env_{out}: [1, 0, 0, 0, 0, 0, 0, 0, 0, 0, 0, 0, 0, 0, 0]

> phase 3: selecting rules

>> no events during phase 3

> phase 4: accumulating updates, detecting outputs

>> no events during phase 4

> phase 5: showing in-between state

>> 1: <1/0>
>> 2: <0/0>
>> 3: <0/0>
>> env_{out}: [1, 0, 0, 0, 0, 0, 0, 0, 0, 0, 0, 0, 0, 0, 0, 0]

- - - - - - - - - - - - - - - time: 16 - - - - - - - - - - - - - - - 

> phase 1: incoming spikes

>> no events during phase 1

> phase 2: showing starting state

>> 1: <1/0>
>> 2: <0/0>
>> 3: <0/0>
>> env_{out}: [1, 0, 0, 0, 0, 0, 0, 0, 0, 0, 0, 0, 0, 0, 0, 0]

> phase 3: selecting rules

>> no events during phase 3

> phase 4: accumulating updates, detecting outputs

>> no events during phase 4

> phase 5: showing in-between state

>> 1: <1/0>
>> 2: <0/0>
>> 3: <0/0>
>> env_{out}: [1, 0, 0, 0, 0, 0, 0, 0, 0, 0, 0, 0, 0, 0, 0, 0, 0]

- - - - - - - - - - - - - - - time: 17 - - - - - - - - - - - - - - - 

> phase 1: incoming spikes

>> no events during phase 1

> phase 2: showing starting state

>> 1: <1/0>
>> 2: <0/0>
>> 3: <0/0>
>> env_{out}: [1, 0, 0, 0, 0, 0, 0, 0, 0, 0, 0, 0, 0, 0, 0, 0, 0]

> phase 3: selecting rules

>> no events during phase 3

> phase 4: accumulating updates, detecting outputs

>> no events during phase 4

> phase 5: showing in-between state

>> 1: <1/0>
>> 2: <0/0>
>> 3: <0/0>
>> env_{out}: [1, 0, 0, 0, 0, 0, 0, 0, 0, 0, 0, 0, 0, 0, 0, 0, 0, 0]

- - - - - - - - - - - - - - - time: 18 - - - - - - - - - - - - - - - 

> phase 1: incoming spikes

>> 1: 1
>> 2: 1
>> 3: 2

> phase 2: showing starting state

>> 1: <2/0>
>> 2: <1/0>
>> 3: <2/0>
>> env_{out}: [1, 0, 0, 0, 0, 0, 0, 0, 0, 0, 0, 0, 0, 0, 0, 0, 0, 0]

> phase 3: selecting rules

>> 1: Rule(regex='^a{2}$', consumed=1, produced=1, delay=8)
>> 2: Rule(regex='^a$', consumed=1, produced=1, delay=8)
>> 3: Rule(regex='^a{2}$', consumed=2, produced=0, delay=0)

> phase 4: accumulating updates, detecting outputs

>> no events during phase 4

> phase 5: showing in-between state

>> 1: <1/0>
>> 2: <0/0>
>> 3: <0/0>
>> env_{out}: [1, 0, 0, 0, 0, 0, 0, 0, 0, 0, 0, 0, 0, 0, 0, 0, 0, 0, 0]

- - - - - - - - - - - - - - - time: 19 - - - - - - - - - - - - - - - 

> phase 1: incoming spikes

>> no events during phase 1

> phase 2: showing starting state

>> 1: <1/0>
>> 2: <0/0>
>> 3: <0/0>
>> env_{out}: [1, 0, 0, 0, 0, 0, 0, 0, 0, 0, 0, 0, 0, 0, 0, 0, 0, 0, 0]

> phase 3: selecting rules

>> no events during phase 3

> phase 4: accumulating updates, detecting outputs

>> no events during phase 4

> phase 5: showing in-between state

>> 1: <1/0>
>> 2: <0/0>
>> 3: <0/0>
>> env_{out}: [1, 0, 0, 0, 0, 0, 0, 0, 0, 0, 0, 0, 0, 0, 0, 0, 0, 0, 0, 0]

- - - - - - - - - - - - - - - time: 20 - - - - - - - - - - - - - - - 

> phase 1: incoming spikes

>> no events during phase 1

> phase 2: showing starting state

>> 1: <1/0>
>> 2: <0/0>
>> 3: <0/0>
>> env_{out}: [1, 0, 0, 0, 0, 0, 0, 0, 0, 0, 0, 0, 0, 0, 0, 0, 0, 0, 0, 0]

> phase 3: selecting rules

>> no events during phase 3

> phase 4: accumulating updates, detecting outputs

>> no events during phase 4

> phase 5: showing in-between state

>> 1: <1/0>
>> 2: <0/0>
>> 3: <0/0>
>> env_{out}: [1, 0, 0, 0, 0, 0, 0, 0, 0, 0, 0, 0, 0, 0, 0, 0, 0, 0, 0, 0, 0]

- - - - - - - - - - - - - - - time: 21 - - - - - - - - - - - - - - - 

> phase 1: incoming spikes

>> no events during phase 1

> phase 2: showing starting state

>> 1: <1/0>
>> 2: <0/0>
>> 3: <0/0>
>> env_{out}: [1, 0, 0, 0, 0, 0, 0, 0, 0, 0, 0, 0, 0, 0, 0, 0, 0, 0, 0, 0, 0]

> phase 3: selecting rules

>> no events during phase 3

> phase 4: accumulating updates, detecting outputs

>> no events during phase 4

> phase 5: showing in-between state

>> 1: <1/0>
>> 2: <0/0>
>> 3: <0/0>
>> env_{out}: [1, 0, 0, 0, 0, 0, 0, 0, 0, 0, 0, 0, 0, 0, 0, 0, 0, 0, 0, 0, 0, 0]

- - - - - - - - - - - - - - - time: 22 - - - - - - - - - - - - - - - 

> phase 1: incoming spikes

>> no events during phase 1

> phase 2: showing starting state

>> 1: <1/0>
>> 2: <0/0>
>> 3: <0/0>
>> env_{out}: [1, 0, 0, 0, 0, 0, 0, 0, 0, 0, 0, 0, 0, 0, 0, 0, 0, 0, 0, 0, 0, 0]

> phase 3: selecting rules

>> no events during phase 3

> phase 4: accumulating updates, detecting outputs

>> no events during phase 4

> phase 5: showing in-between state

>> 1: <1/0>
>> 2: <0/0>
>> 3: <0/0>
>> env_{out}: [1, 0, 0, 0, 0, 0, 0, 0, 0, 0, 0, 0, 0, 0, 0, 0, 0, 0, 0, 0, 0, 0, 0]

- - - - - - - - - - - - - - - time: 23 - - - - - - - - - - - - - - - 

> phase 1: incoming spikes

>> no events during phase 1

> phase 2: showing starting state

>> 1: <1/0>
>> 2: <0/0>
>> 3: <0/0>
>> env_{out}: [1, 0, 0, 0, 0, 0, 0, 0, 0, 0, 0, 0, 0, 0, 0, 0, 0, 0, 0, 0, 0, 0, 0]

> phase 3: selecting rules

>> no events during phase 3

> phase 4: accumulating updates, detecting outputs

>> no events during phase 4

> phase 5: showing in-between state

>> 1: <1/0>
>> 2: <0/0>
>> 3: <0/0>
>> env_{out}: [1, 0, 0, 0, 0, 0, 0, 0, 0, 0, 0, 0, 0, 0, 0, 0, 0, 0, 0, 0, 0, 0, 0, 0]

- - - - - - - - - - - - - - - time: 24 - - - - - - - - - - - - - - - 

> phase 1: incoming spikes

>> no events during phase 1

> phase 2: showing starting state

>> 1: <1/0>
>> 2: <0/0>
>> 3: <0/0>
>> env_{out}: [1, 0, 0, 0, 0, 0, 0, 0, 0, 0, 0, 0, 0, 0, 0, 0, 0, 0, 0, 0, 0, 0, 0, 0]

> phase 3: selecting rules

>> no events during phase 3

> phase 4: accumulating updates, detecting outputs

>> no events during phase 4

> phase 5: showing in-between state

>> 1: <1/0>
>> 2: <0/0>
>> 3: <0/0>
>> env_{out}: [1, 0, 0, 0, 0, 0, 0, 0, 0, 0, 0, 0, 0, 0, 0, 0, 0, 0, 0, 0, 0, 0, 0, 0, 0]

- - - - - - - - - - - - - - - time: 25 - - - - - - - - - - - - - - - 

> phase 1: incoming spikes

>> no events during phase 1

> phase 2: showing starting state

>> 1: <1/0>
>> 2: <0/0>
>> 3: <0/0>
>> env_{out}: [1, 0, 0, 0, 0, 0, 0, 0, 0, 0, 0, 0, 0, 0, 0, 0, 0, 0, 0, 0, 0, 0, 0, 0, 0]

> phase 3: selecting rules

>> no events during phase 3

> phase 4: accumulating updates, detecting outputs

>> no events during phase 4

> phase 5: showing in-between state

>> 1: <1/0>
>> 2: <0/0>
>> 3: <0/0>
>> env_{out}: [1, 0, 0, 0, 0, 0, 0, 0, 0, 0, 0, 0, 0, 0, 0, 0, 0, 0, 0, 0, 0, 0, 0, 0, 0, 0]

- - - - - - - - - - - - - - - time: 26 - - - - - - - - - - - - - - - 

> phase 1: incoming spikes

>> no events during phase 1

> phase 2: showing starting state

>> 1: <1/0>
>> 2: <0/0>
>> 3: <0/0>
>> env_{out}: [1, 0, 0, 0, 0, 0, 0, 0, 0, 0, 0, 0, 0, 0, 0, 0, 0, 0, 0, 0, 0, 0, 0, 0, 0, 0]

> phase 3: selecting rules

>> no events during phase 3

> phase 4: accumulating updates, detecting outputs

>> no events during phase 4

> phase 5: showing in-between state

>> 1: <1/0>
>> 2: <0/0>
>> 3: <0/0>
>> env_{out}: [1, 0, 0, 0, 0, 0, 0, 0, 0, 0, 0, 0, 0, 0, 0, 0, 0, 0, 0, 0, 0, 0, 0, 0, 0, 0, 0]

- - - - - - - - - - - - - - - time: 27 - - - - - - - - - - - - - - - 

> phase 1: incoming spikes

>> 1: 1
>> 2: 1
>> 3: 2

> phase 2: showing starting state

>> 1: <2/0>
>> 2: <1/0>
>> 3: <2/0>
>> env_{out}: [1, 0, 0, 0, 0, 0, 0, 0, 0, 0, 0, 0, 0, 0, 0, 0, 0, 0, 0, 0, 0, 0, 0, 0, 0, 0, 0]

> phase 3: selecting rules

>> 1: Rule(regex='^a{2}$', consumed=1, produced=1, delay=8)
>> 2: Rule(regex='^a$', consumed=1, produced=1, delay=8)
>> 3: Rule(regex='^a{2}$', consumed=2, produced=0, delay=0)

> phase 4: accumulating updates, detecting outputs

>> no events during phase 4

> phase 5: showing in-between state

>> 1: <1/0>
>> 2: <0/0>
>> 3: <0/0>
>> env_{out}: [1, 0, 0, 0, 0, 0, 0, 0, 0, 0, 0, 0, 0, 0, 0, 0, 0, 0, 0, 0, 0, 0, 0, 0, 0, 0, 0, 0]

- - - - - - - - - - - - - - - time: 28 - - - - - - - - - - - - - - - 

> phase 1: incoming spikes

>> no events during phase 1

> phase 2: showing starting state

>> 1: <1/0>
>> 2: <0/0>
>> 3: <0/0>
>> env_{out}: [1, 0, 0, 0, 0, 0, 0, 0, 0, 0, 0, 0, 0, 0, 0, 0, 0, 0, 0, 0, 0, 0, 0, 0, 0, 0, 0, 0]

> phase 3: selecting rules

>> no events during phase 3

> phase 4: accumulating updates, detecting outputs

>> no events during phase 4

> phase 5: showing in-between state

>> 1: <1/0>
>> 2: <0/0>
>> 3: <0/0>
>> env_{out}: [1, 0, 0, 0, 0, 0, 0, 0, 0, 0, 0, 0, 0, 0, 0, 0, 0, 0, 0, 0, 0, 0, 0, 0, 0, 0, 0, 0, 0]

- - - - - - - - - - - - - - - time: 29 - - - - - - - - - - - - - - - 

> phase 1: incoming spikes

>> no events during phase 1

> phase 2: showing starting state

>> 1: <1/0>
>> 2: <0/0>
>> 3: <0/0>
>> env_{out}: [1, 0, 0, 0, 0, 0, 0, 0, 0, 0, 0, 0, 0, 0, 0, 0, 0, 0, 0, 0, 0, 0, 0, 0, 0, 0, 0, 0, 0]

> phase 3: selecting rules

>> no events during phase 3

> phase 4: accumulating updates, detecting outputs

>> no events during phase 4

> phase 5: showing in-between state

>> 1: <1/0>
>> 2: <0/0>
>> 3: <0/0>
>> env_{out}: [1, 0, 0, 0, 0, 0, 0, 0, 0, 0, 0, 0, 0, 0, 0, 0, 0, 0, 0, 0, 0, 0, 0, 0, 0, 0, 0, 0, 0, 0]

- - - - - - - - - - - - - - - time: 30 - - - - - - - - - - - - - - - 

> phase 1: incoming spikes

>> no events during phase 1

> phase 2: showing starting state

>> 1: <1/0>
>> 2: <0/0>
>> 3: <0/0>
>> env_{out}: [1, 0, 0, 0, 0, 0, 0, 0, 0, 0, 0, 0, 0, 0, 0, 0, 0, 0, 0, 0, 0, 0, 0, 0, 0, 0, 0, 0, 0, 0]

> phase 3: selecting rules

>> no events during phase 3

> phase 4: accumulating updates, detecting outputs

>> no events during phase 4

> phase 5: showing in-between state

>> 1: <1/0>
>> 2: <0/0>
>> 3: <0/0>
>> env_{out}: [1, 0, 0, 0, 0, 0, 0, 0, 0, 0, 0, 0, 0, 0, 0, 0, 0, 0, 0, 0, 0, 0, 0, 0, 0, 0, 0, 0, 0, 0, 0]

- - - - - - - - - - - - - - - time: 31 - - - - - - - - - - - - - - - 

> phase 1: incoming spikes

>> no events during phase 1

> phase 2: showing starting state

>> 1: <1/0>
>> 2: <0/0>
>> 3: <0/0>
>> env_{out}: [1, 0, 0, 0, 0, 0, 0, 0, 0, 0, 0, 0, 0, 0, 0, 0, 0, 0, 0, 0, 0, 0, 0, 0, 0, 0, 0, 0, 0, 0, 0]

> phase 3: selecting rules

>> no events during phase 3

> phase 4: accumulating updates, detecting outputs

>> no events during phase 4

> phase 5: showing in-between state

>> 1: <1/0>
>> 2: <0/0>
>> 3: <0/0>
>> env_{out}: [1, 0, 0, 0, 0, 0, 0, 0, 0, 0, 0, 0, 0, 0, 0, 0, 0, 0, 0, 0, 0, 0, 0, 0, 0, 0, 0, 0, 0, 0, 0, 0]

- - - - - - - - - - - - - - - time: 32 - - - - - - - - - - - - - - - 

> phase 1: incoming spikes

>> no events during phase 1

> phase 2: showing starting state

>> 1: <1/0>
>> 2: <0/0>
>> 3: <0/0>
>> env_{out}: [1, 0, 0, 0, 0, 0, 0, 0, 0, 0, 0, 0, 0, 0, 0, 0, 0, 0, 0, 0, 0, 0, 0, 0, 0, 0, 0, 0, 0, 0, 0, 0]

> phase 3: selecting rules

>> no events during phase 3

> phase 4: accumulating updates, detecting outputs

>> no events during phase 4

> phase 5: showing in-between state

>> 1: <1/0>
>> 2: <0/0>
>> 3: <0/0>
>> env_{out}: [1, 0, 0, 0, 0, 0, 0, 0, 0, 0, 0, 0, 0, 0, 0, 0, 0, 0, 0, 0, 0, 0, 0, 0, 0, 0, 0, 0, 0, 0, 0, 0, 0]

- - - - - - - - - - - - - - - time: 33 - - - - - - - - - - - - - - - 

> phase 1: incoming spikes

>> no events during phase 1

> phase 2: showing starting state

>> 1: <1/0>
>> 2: <0/0>
>> 3: <0/0>
>> env_{out}: [1, 0, 0, 0, 0, 0, 0, 0, 0, 0, 0, 0, 0, 0, 0, 0, 0, 0, 0, 0, 0, 0, 0, 0, 0, 0, 0, 0, 0, 0, 0, 0, 0]

> phase 3: selecting rules

>> no events during phase 3

> phase 4: accumulating updates, detecting outputs

>> no events during phase 4

> phase 5: showing in-between state

>> 1: <1/0>
>> 2: <0/0>
>> 3: <0/0>
>> env_{out}: [1, 0, 0, 0, 0, 0, 0, 0, 0, 0, 0, 0, 0, 0, 0, 0, 0, 0, 0, 0, 0, 0, 0, 0, 0, 0, 0, 0, 0, 0, 0, 0, 0, 0]

- - - - - - - - - - - - - - - time: 34 - - - - - - - - - - - - - - - 

> phase 1: incoming spikes

>> no events during phase 1

> phase 2: showing starting state

>> 1: <1/0>
>> 2: <0/0>
>> 3: <0/0>
>> env_{out}: [1, 0, 0, 0, 0, 0, 0, 0, 0, 0, 0, 0, 0, 0, 0, 0, 0, 0, 0, 0, 0, 0, 0, 0, 0, 0, 0, 0, 0, 0, 0, 0, 0, 0]

> phase 3: selecting rules

>> no events during phase 3

> phase 4: accumulating updates, detecting outputs

>> no events during phase 4

> phase 5: showing in-between state

>> 1: <1/0>
>> 2: <0/0>
>> 3: <0/0>
>> env_{out}: [1, 0, 0, 0, 0, 0, 0, 0, 0, 0, 0, 0, 0, 0, 0, 0, 0, 0, 0, 0, 0, 0, 0, 0, 0, 0, 0, 0, 0, 0, 0, 0, 0, 0, 0]

- - - - - - - - - - - - - - - time: 35 - - - - - - - - - - - - - - - 

> phase 1: incoming spikes

>> no events during phase 1

> phase 2: showing starting state

>> 1: <1/0>
>> 2: <0/0>
>> 3: <0/0>
>> env_{out}: [1, 0, 0, 0, 0, 0, 0, 0, 0, 0, 0, 0, 0, 0, 0, 0, 0, 0, 0, 0, 0, 0, 0, 0, 0, 0, 0, 0, 0, 0, 0, 0, 0, 0, 0]

> phase 3: selecting rules

>> no events during phase 3

> phase 4: accumulating updates, detecting outputs

>> no events during phase 4

> phase 5: showing in-between state

>> 1: <1/0>
>> 2: <0/0>
>> 3: <0/0>
>> env_{out}: [1, 0, 0, 0, 0, 0, 0, 0, 0, 0, 0, 0, 0, 0, 0, 0, 0, 0, 0, 0, 0, 0, 0, 0, 0, 0, 0, 0, 0, 0, 0, 0, 0, 0, 0, 0]

- - - - - - - - - - - - - - - time: 36 - - - - - - - - - - - - - - - 

> phase 1: incoming spikes

>> 1: 1
>> 2: 1
>> 3: 2

> phase 2: showing starting state

>> 1: <2/0>
>> 2: <1/0>
>> 3: <2/0>
>> env_{out}: [1, 0, 0, 0, 0, 0, 0, 0, 0, 0, 0, 0, 0, 0, 0, 0, 0, 0, 0, 0, 0, 0, 0, 0, 0, 0, 0, 0, 0, 0, 0, 0, 0, 0, 0, 0]

> phase 3: selecting rules

>> 1: Rule(regex='^a{2}$', consumed=1, produced=1, delay=8)
>> 2: Rule(regex='^a$', consumed=1, produced=1, delay=9)
>> 3: Rule(regex='^a{2}$', consumed=2, produced=0, delay=0)

> phase 4: accumulating updates, detecting outputs

>> no events during phase 4

> phase 5: showing in-between state

>> 1: <1/0>
>> 2: <0/0>
>> 3: <0/0>
>> env_{out}: [1, 0, 0, 0, 0, 0, 0, 0, 0, 0, 0, 0, 0, 0, 0, 0, 0, 0, 0, 0, 0, 0, 0, 0, 0, 0, 0, 0, 0, 0, 0, 0, 0, 0, 0, 0, 0]

- - - - - - - - - - - - - - - time: 37 - - - - - - - - - - - - - - - 

> phase 1: incoming spikes

>> no events during phase 1

> phase 2: showing starting state

>> 1: <1/0>
>> 2: <0/0>
>> 3: <0/0>
>> env_{out}: [1, 0, 0, 0, 0, 0, 0, 0, 0, 0, 0, 0, 0, 0, 0, 0, 0, 0, 0, 0, 0, 0, 0, 0, 0, 0, 0, 0, 0, 0, 0, 0, 0, 0, 0, 0, 0]

> phase 3: selecting rules

>> no events during phase 3

> phase 4: accumulating updates, detecting outputs

>> no events during phase 4

> phase 5: showing in-between state

>> 1: <1/0>
>> 2: <0/0>
>> 3: <0/0>
>> env_{out}: [1, 0, 0, 0, 0, 0, 0, 0, 0, 0, 0, 0, 0, 0, 0, 0, 0, 0, 0, 0, 0, 0, 0, 0, 0, 0, 0, 0, 0, 0, 0, 0, 0, 0, 0, 0, 0, 0]

- - - - - - - - - - - - - - - time: 38 - - - - - - - - - - - - - - - 

> phase 1: incoming spikes

>> no events during phase 1

> phase 2: showing starting state

>> 1: <1/0>
>> 2: <0/0>
>> 3: <0/0>
>> env_{out}: [1, 0, 0, 0, 0, 0, 0, 0, 0, 0, 0, 0, 0, 0, 0, 0, 0, 0, 0, 0, 0, 0, 0, 0, 0, 0, 0, 0, 0, 0, 0, 0, 0, 0, 0, 0, 0, 0]

> phase 3: selecting rules

>> no events during phase 3

> phase 4: accumulating updates, detecting outputs

>> no events during phase 4

> phase 5: showing in-between state

>> 1: <1/0>
>> 2: <0/0>
>> 3: <0/0>
>> env_{out}: [1, 0, 0, 0, 0, 0, 0, 0, 0, 0, 0, 0, 0, 0, 0, 0, 0, 0, 0, 0, 0, 0, 0, 0, 0, 0, 0, 0, 0, 0, 0, 0, 0, 0, 0, 0, 0, 0, 0]

- - - - - - - - - - - - - - - time: 39 - - - - - - - - - - - - - - - 

> phase 1: incoming spikes

>> no events during phase 1

> phase 2: showing starting state

>> 1: <1/0>
>> 2: <0/0>
>> 3: <0/0>
>> env_{out}: [1, 0, 0, 0, 0, 0, 0, 0, 0, 0, 0, 0, 0, 0, 0, 0, 0, 0, 0, 0, 0, 0, 0, 0, 0, 0, 0, 0, 0, 0, 0, 0, 0, 0, 0, 0, 0, 0, 0]

> phase 3: selecting rules

>> no events during phase 3

> phase 4: accumulating updates, detecting outputs

>> no events during phase 4

> phase 5: showing in-between state

>> 1: <1/0>
>> 2: <0/0>
>> 3: <0/0>
>> env_{out}: [1, 0, 0, 0, 0, 0, 0, 0, 0, 0, 0, 0, 0, 0, 0, 0, 0, 0, 0, 0, 0, 0, 0, 0, 0, 0, 0, 0, 0, 0, 0, 0, 0, 0, 0, 0, 0, 0, 0, 0]

- - - - - - - - - - - - - - - time: 40 - - - - - - - - - - - - - - - 

> phase 1: incoming spikes

>> no events during phase 1

> phase 2: showing starting state

>> 1: <1/0>
>> 2: <0/0>
>> 3: <0/0>
>> env_{out}: [1, 0, 0, 0, 0, 0, 0, 0, 0, 0, 0, 0, 0, 0, 0, 0, 0, 0, 0, 0, 0, 0, 0, 0, 0, 0, 0, 0, 0, 0, 0, 0, 0, 0, 0, 0, 0, 0, 0, 0]

> phase 3: selecting rules

>> no events during phase 3

> phase 4: accumulating updates, detecting outputs

>> no events during phase 4

> phase 5: showing in-between state

>> 1: <1/0>
>> 2: <0/0>
>> 3: <0/0>
>> env_{out}: [1, 0, 0, 0, 0, 0, 0, 0, 0, 0, 0, 0, 0, 0, 0, 0, 0, 0, 0, 0, 0, 0, 0, 0, 0, 0, 0, 0, 0, 0, 0, 0, 0, 0, 0, 0, 0, 0, 0, 0, 0]

- - - - - - - - - - - - - - - time: 41 - - - - - - - - - - - - - - - 

> phase 1: incoming spikes

>> no events during phase 1

> phase 2: showing starting state

>> 1: <1/0>
>> 2: <0/0>
>> 3: <0/0>
>> env_{out}: [1, 0, 0, 0, 0, 0, 0, 0, 0, 0, 0, 0, 0, 0, 0, 0, 0, 0, 0, 0, 0, 0, 0, 0, 0, 0, 0, 0, 0, 0, 0, 0, 0, 0, 0, 0, 0, 0, 0, 0, 0]

> phase 3: selecting rules

>> no events during phase 3

> phase 4: accumulating updates, detecting outputs

>> no events during phase 4

> phase 5: showing in-between state

>> 1: <1/0>
>> 2: <0/0>
>> 3: <0/0>
>> env_{out}: [1, 0, 0, 0, 0, 0, 0, 0, 0, 0, 0, 0, 0, 0, 0, 0, 0, 0, 0, 0, 0, 0, 0, 0, 0, 0, 0, 0, 0, 0, 0, 0, 0, 0, 0, 0, 0, 0, 0, 0, 0, 0]

- - - - - - - - - - - - - - - time: 42 - - - - - - - - - - - - - - - 

> phase 1: incoming spikes

>> no events during phase 1

> phase 2: showing starting state

>> 1: <1/0>
>> 2: <0/0>
>> 3: <0/0>
>> env_{out}: [1, 0, 0, 0, 0, 0, 0, 0, 0, 0, 0, 0, 0, 0, 0, 0, 0, 0, 0, 0, 0, 0, 0, 0, 0, 0, 0, 0, 0, 0, 0, 0, 0, 0, 0, 0, 0, 0, 0, 0, 0, 0]

> phase 3: selecting rules

>> no events during phase 3

> phase 4: accumulating updates, detecting outputs

>> no events during phase 4

> phase 5: showing in-between state

>> 1: <1/0>
>> 2: <0/0>
>> 3: <0/0>
>> env_{out}: [1, 0, 0, 0, 0, 0, 0, 0, 0, 0, 0, 0, 0, 0, 0, 0, 0, 0, 0, 0, 0, 0, 0, 0, 0, 0, 0, 0, 0, 0, 0, 0, 0, 0, 0, 0, 0, 0, 0, 0, 0, 0, 0]

- - - - - - - - - - - - - - - time: 43 - - - - - - - - - - - - - - - 

> phase 1: incoming spikes

>> no events during phase 1

> phase 2: showing starting state

>> 1: <1/0>
>> 2: <0/0>
>> 3: <0/0>
>> env_{out}: [1, 0, 0, 0, 0, 0, 0, 0, 0, 0, 0, 0, 0, 0, 0, 0, 0, 0, 0, 0, 0, 0, 0, 0, 0, 0, 0, 0, 0, 0, 0, 0, 0, 0, 0, 0, 0, 0, 0, 0, 0, 0, 0]

> phase 3: selecting rules

>> no events during phase 3

> phase 4: accumulating updates, detecting outputs

>> no events during phase 4

> phase 5: showing in-between state

>> 1: <1/0>
>> 2: <0/0>
>> 3: <0/0>
>> env_{out}: [1, 0, 0, 0, 0, 0, 0, 0, 0, 0, 0, 0, 0, 0, 0, 0, 0, 0, 0, 0, 0, 0, 0, 0, 0, 0, 0, 0, 0, 0, 0, 0, 0, 0, 0, 0, 0, 0, 0, 0, 0, 0, 0, 0]

- - - - - - - - - - - - - - - time: 44 - - - - - - - - - - - - - - - 

> phase 1: incoming spikes

>> no events during phase 1

> phase 2: showing starting state

>> 1: <1/0>
>> 2: <0/0>
>> 3: <0/0>
>> env_{out}: [1, 0, 0, 0, 0, 0, 0, 0, 0, 0, 0, 0, 0, 0, 0, 0, 0, 0, 0, 0, 0, 0, 0, 0, 0, 0, 0, 0, 0, 0, 0, 0, 0, 0, 0, 0, 0, 0, 0, 0, 0, 0, 0, 0]

> phase 3: selecting rules

>> no events during phase 3

> phase 4: accumulating updates, detecting outputs

>> no events during phase 4

> phase 5: showing in-between state

>> 1: <1/0>
>> 2: <0/0>
>> 3: <0/0>
>> env_{out}: [1, 0, 0, 0, 0, 0, 0, 0, 0, 0, 0, 0, 0, 0, 0, 0, 0, 0, 0, 0, 0, 0, 0, 0, 0, 0, 0, 0, 0, 0, 0, 0, 0, 0, 0, 0, 0, 0, 0, 0, 0, 0, 0, 0, 0]

- - - - - - - - - - - - - - - time: 45 - - - - - - - - - - - - - - - 

> phase 1: incoming spikes

>> 3: 1

> phase 2: showing starting state

>> 1: <1/0>
>> 2: <0/0>
>> 3: <1/0>
>> env_{out}: [1, 0, 0, 0, 0, 0, 0, 0, 0, 0, 0, 0, 0, 0, 0, 0, 0, 0, 0, 0, 0, 0, 0, 0, 0, 0, 0, 0, 0, 0, 0, 0, 0, 0, 0, 0, 0, 0, 0, 0, 0, 0, 0, 0, 0]

> phase 3: selecting rules

>> 1: Rule(regex='^a$', consumed=1, produced=0, delay=0)
>> 3: Rule(regex='^a$', consumed=1, produced=1, delay=9)

> phase 4: accumulating updates, detecting outputs

>> no events during phase 4

> phase 5: showing in-between state

>> 1: <0/0>
>> 2: <0/0>
>> 3: <0/0>
>> env_{out}: [1, 0, 0, 0, 0, 0, 0, 0, 0, 0, 0, 0, 0, 0, 0, 0, 0, 0, 0, 0, 0, 0, 0, 0, 0, 0, 0, 0, 0, 0, 0, 0, 0, 0, 0, 0, 0, 0, 0, 0, 0, 0, 0, 0, 0, 0]

- - - - - - - - - - - - - - - time: 46 - - - - - - - - - - - - - - - 

> phase 1: incoming spikes

>> 1: 1

> phase 2: showing starting state

>> 1: <1/0>
>> 2: <0/0>
>> 3: <0/0>
>> env_{out}: [1, 0, 0, 0, 0, 0, 0, 0, 0, 0, 0, 0, 0, 0, 0, 0, 0, 0, 0, 0, 0, 0, 0, 0, 0, 0, 0, 0, 0, 0, 0, 0, 0, 0, 0, 0, 0, 0, 0, 0, 0, 0, 0, 0, 0, 0]

> phase 3: selecting rules

>> 1: Rule(regex='^a$', consumed=1, produced=0, delay=0)

> phase 4: accumulating updates, detecting outputs

>> no events during phase 4

> phase 5: showing in-between state

>> 1: <0/0>
>> 2: <0/0>
>> 3: <0/0>
>> env_{out}: [1, 0, 0, 0, 0, 0, 0, 0, 0, 0, 0, 0, 0, 0, 0, 0, 0, 0, 0, 0, 0, 0, 0, 0, 0, 0, 0, 0, 0, 0, 0, 0, 0, 0, 0, 0, 0, 0, 0, 0, 0, 0, 0, 0, 0, 0, 0]

- - - - - - - - - - - - - - - time: 47 - - - - - - - - - - - - - - - 

> phase 1: incoming spikes

>> no events during phase 1

> phase 2: showing starting state

>> 1: <0/0>
>> 2: <0/0>
>> 3: <0/0>
>> env_{out}: [1, 0, 0, 0, 0, 0, 0, 0, 0, 0, 0, 0, 0, 0, 0, 0, 0, 0, 0, 0, 0, 0, 0, 0, 0, 0, 0, 0, 0, 0, 0, 0, 0, 0, 0, 0, 0, 0, 0, 0, 0, 0, 0, 0, 0, 0, 0]

> phase 3: selecting rules

>> no events during phase 3

> phase 4: accumulating updates, detecting outputs

>> no events during phase 4

> phase 5: showing in-between state

>> 1: <0/0>
>> 2: <0/0>
>> 3: <0/0>
>> env_{out}: [1, 0, 0, 0, 0, 0, 0, 0, 0, 0, 0, 0, 0, 0, 0, 0, 0, 0, 0, 0, 0, 0, 0, 0, 0, 0, 0, 0, 0, 0, 0, 0, 0, 0, 0, 0, 0, 0, 0, 0, 0, 0, 0, 0, 0, 0, 0, 0]

- - - - - - - - - - - - - - - time: 48 - - - - - - - - - - - - - - - 

> phase 1: incoming spikes

>> no events during phase 1

> phase 2: showing starting state

>> 1: <0/0>
>> 2: <0/0>
>> 3: <0/0>
>> env_{out}: [1, 0, 0, 0, 0, 0, 0, 0, 0, 0, 0, 0, 0, 0, 0, 0, 0, 0, 0, 0, 0, 0, 0, 0, 0, 0, 0, 0, 0, 0, 0, 0, 0, 0, 0, 0, 0, 0, 0, 0, 0, 0, 0, 0, 0, 0, 0, 0]

> phase 3: selecting rules

>> no events during phase 3

> phase 4: accumulating updates, detecting outputs

>> no events during phase 4

> phase 5: showing in-between state

>> 1: <0/0>
>> 2: <0/0>
>> 3: <0/0>
>> env_{out}: [1, 0, 0, 0, 0, 0, 0, 0, 0, 0, 0, 0, 0, 0, 0, 0, 0, 0, 0, 0, 0, 0, 0, 0, 0, 0, 0, 0, 0, 0, 0, 0, 0, 0, 0, 0, 0, 0, 0, 0, 0, 0, 0, 0, 0, 0, 0, 0, 0]

- - - - - - - - - - - - - - - time: 49 - - - - - - - - - - - - - - - 

> phase 1: incoming spikes

>> no events during phase 1

> phase 2: showing starting state

>> 1: <0/0>
>> 2: <0/0>
>> 3: <0/0>
>> env_{out}: [1, 0, 0, 0, 0, 0, 0, 0, 0, 0, 0, 0, 0, 0, 0, 0, 0, 0, 0, 0, 0, 0, 0, 0, 0, 0, 0, 0, 0, 0, 0, 0, 0, 0, 0, 0, 0, 0, 0, 0, 0, 0, 0, 0, 0, 0, 0, 0, 0]

> phase 3: selecting rules

>> no events during phase 3

> phase 4: accumulating updates, detecting outputs

>> no events during phase 4

> phase 5: showing in-between state

>> 1: <0/0>
>> 2: <0/0>
>> 3: <0/0>
>> env_{out}: [1, 0, 0, 0, 0, 0, 0, 0, 0, 0, 0, 0, 0, 0, 0, 0, 0, 0, 0, 0, 0, 0, 0, 0, 0, 0, 0, 0, 0, 0, 0, 0, 0, 0, 0, 0, 0, 0, 0, 0, 0, 0, 0, 0, 0, 0, 0, 0, 0, 0]

- - - - - - - - - - - - - - - time: 50 - - - - - - - - - - - - - - - 

> phase 1: incoming spikes

>> no events during phase 1

> phase 2: showing starting state

>> 1: <0/0>
>> 2: <0/0>
>> 3: <0/0>
>> env_{out}: [1, 0, 0, 0, 0, 0, 0, 0, 0, 0, 0, 0, 0, 0, 0, 0, 0, 0, 0, 0, 0, 0, 0, 0, 0, 0, 0, 0, 0, 0, 0, 0, 0, 0, 0, 0, 0, 0, 0, 0, 0, 0, 0, 0, 0, 0, 0, 0, 0, 0]

> phase 3: selecting rules

>> no events during phase 3

> phase 4: accumulating updates, detecting outputs

>> no events during phase 4

> phase 5: showing in-between state

>> 1: <0/0>
>> 2: <0/0>
>> 3: <0/0>
>> env_{out}: [1, 0, 0, 0, 0, 0, 0, 0, 0, 0, 0, 0, 0, 0, 0, 0, 0, 0, 0, 0, 0, 0, 0, 0, 0, 0, 0, 0, 0, 0, 0, 0, 0, 0, 0, 0, 0, 0, 0, 0, 0, 0, 0, 0, 0, 0, 0, 0, 0, 0, 0]

- - - - - - - - - - - - - - - time: 51 - - - - - - - - - - - - - - - 

> phase 1: incoming spikes

>> no events during phase 1

> phase 2: showing starting state

>> 1: <0/0>
>> 2: <0/0>
>> 3: <0/0>
>> env_{out}: [1, 0, 0, 0, 0, 0, 0, 0, 0, 0, 0, 0, 0, 0, 0, 0, 0, 0, 0, 0, 0, 0, 0, 0, 0, 0, 0, 0, 0, 0, 0, 0, 0, 0, 0, 0, 0, 0, 0, 0, 0, 0, 0, 0, 0, 0, 0, 0, 0, 0, 0]

> phase 3: selecting rules

>> no events during phase 3

> phase 4: accumulating updates, detecting outputs

>> no events during phase 4

> phase 5: showing in-between state

>> 1: <0/0>
>> 2: <0/0>
>> 3: <0/0>
>> env_{out}: [1, 0, 0, 0, 0, 0, 0, 0, 0, 0, 0, 0, 0, 0, 0, 0, 0, 0, 0, 0, 0, 0, 0, 0, 0, 0, 0, 0, 0, 0, 0, 0, 0, 0, 0, 0, 0, 0, 0, 0, 0, 0, 0, 0, 0, 0, 0, 0, 0, 0, 0, 0]

- - - - - - - - - - - - - - - time: 52 - - - - - - - - - - - - - - - 

> phase 1: incoming spikes

>> no events during phase 1

> phase 2: showing starting state

>> 1: <0/0>
>> 2: <0/0>
>> 3: <0/0>
>> env_{out}: [1, 0, 0, 0, 0, 0, 0, 0, 0, 0, 0, 0, 0, 0, 0, 0, 0, 0, 0, 0, 0, 0, 0, 0, 0, 0, 0, 0, 0, 0, 0, 0, 0, 0, 0, 0, 0, 0, 0, 0, 0, 0, 0, 0, 0, 0, 0, 0, 0, 0, 0, 0]

> phase 3: selecting rules

>> no events during phase 3

> phase 4: accumulating updates, detecting outputs

>> no events during phase 4

> phase 5: showing in-between state

>> 1: <0/0>
>> 2: <0/0>
>> 3: <0/0>
>> env_{out}: [1, 0, 0, 0, 0, 0, 0, 0, 0, 0, 0, 0, 0, 0, 0, 0, 0, 0, 0, 0, 0, 0, 0, 0, 0, 0, 0, 0, 0, 0, 0, 0, 0, 0, 0, 0, 0, 0, 0, 0, 0, 0, 0, 0, 0, 0, 0, 0, 0, 0, 0, 0, 0]

- - - - - - - - - - - - - - - time: 53 - - - - - - - - - - - - - - - 

> phase 1: incoming spikes

>> no events during phase 1

> phase 2: showing starting state

>> 1: <0/0>
>> 2: <0/0>
>> 3: <0/0>
>> env_{out}: [1, 0, 0, 0, 0, 0, 0, 0, 0, 0, 0, 0, 0, 0, 0, 0, 0, 0, 0, 0, 0, 0, 0, 0, 0, 0, 0, 0, 0, 0, 0, 0, 0, 0, 0, 0, 0, 0, 0, 0, 0, 0, 0, 0, 0, 0, 0, 0, 0, 0, 0, 0, 0]

> phase 3: selecting rules

>> no events during phase 3

> phase 4: accumulating updates, detecting outputs

>> no events during phase 4

> phase 5: showing in-between state

>> 1: <0/0>
>> 2: <0/0>
>> 3: <0/0>
>> env_{out}: [1, 0, 0, 0, 0, 0, 0, 0, 0, 0, 0, 0, 0, 0, 0, 0, 0, 0, 0, 0, 0, 0, 0, 0, 0, 0, 0, 0, 0, 0, 0, 0, 0, 0, 0, 0, 0, 0, 0, 0, 0, 0, 0, 0, 0, 0, 0, 0, 0, 0, 0, 0, 0, 0]

- - - - - - - - - - - - - - - time: 54 - - - - - - - - - - - - - - - 

> phase 1: incoming spikes

>> env_{out}: 1

> phase 2: showing starting state

>> 1: <0/0>
>> 2: <0/0>
>> 3: <0/0>
>> env_{out}: [1, 0, 0, 0, 0, 0, 0, 0, 0, 0, 0, 0, 0, 0, 0, 0, 0, 0, 0, 0, 0, 0, 0, 0, 0, 0, 0, 0, 0, 0, 0, 0, 0, 0, 0, 0, 0, 0, 0, 0, 0, 0, 0, 0, 0, 0, 0, 0, 0, 0, 0, 0, 0, 0]

> phase 3: selecting rules

>> no events during phase 3

> phase 4: accumulating updates, detecting outputs

>> no events during phase 4

>> detected second output spike, wrapping up...

