- - - - - - - - - - - - - - - time: 0 - - - - - - - - - - - - - - - 

> phase 1: incoming spikes

>> no events during phase 1

> phase 2: showing starting state

>> c_{0}: <1/0>
>> c_{1}: <1/0>
>> d_{1}: <0/0>
>> in_{1}: <10/0>
>> in_{2}: <10/0>
>> e_{1,1}: <0/0>
>> e_{1,2}: <0/0>
>> h_{1}: <1/0>
>> h_{2}: <0/0>
>> h_{3}: <0/0>
>> h_{4}: <0/0>
>> h_{5}: <0/0>
>> g_{1}: <0/0>
>> g_{2}: <0/0>
>> g_{3}: <0/0>
>> t_{1}: <0/0>
>> t_{2}: <0/0>
>> acc: <0/0>

> phase 3: selecting rules

>> c_{0}: Rule(regex='^a$', consumed=1, produced=1, delay=0)
>> c_{1}: Rule(regex='^a$', consumed=1, produced=1, delay=0)
>> h_{1}: Rule(regex='^a$', consumed=1, produced=1, delay=0)

> phase 4: accumulating updates, detecting outputs

>> no events during phase 4

> phase 5: showing in-between state

>> c_{0}: <0/0>
>> c_{1}: <0/0>
>> d_{1}: <0/0>
>> in_{1}: <10/0>
>> in_{2}: <10/0>
>> e_{1,1}: <0/0>
>> e_{1,2}: <0/0>
>> h_{1}: <0/0>
>> h_{2}: <0/0>
>> h_{3}: <0/0>
>> h_{4}: <0/0>
>> h_{5}: <0/0>
>> g_{1}: <0/0>
>> g_{2}: <0/0>
>> g_{3}: <0/0>
>> t_{1}: <0/0>
>> t_{2}: <0/0>
>> acc: <0/0>

- - - - - - - - - - - - - - - time: 1 - - - - - - - - - - - - - - - 

> phase 1: incoming spikes

>> d_{1}: 2
>> h_{2}: 1

> phase 2: showing starting state

>> c_{0}: <0/0>
>> c_{1}: <0/0>
>> d_{1}: <2/0>
>> in_{1}: <10/0>
>> in_{2}: <10/0>
>> e_{1,1}: <0/0>
>> e_{1,2}: <0/0>
>> h_{1}: <0/0>
>> h_{2}: <1/0>
>> h_{3}: <0/0>
>> h_{4}: <0/0>
>> h_{5}: <0/0>
>> g_{1}: <0/0>
>> g_{2}: <0/0>
>> g_{3}: <0/0>
>> t_{1}: <0/0>
>> t_{2}: <0/0>
>> acc: <0/0>

> phase 3: selecting rules

>> d_{1}: Rule(regex='^a{2}$', consumed=2, produced=1, delay=0)
>> h_{2}: Rule(regex='^a$', consumed=1, produced=1, delay=0)

> phase 4: accumulating updates, detecting outputs

>> no events during phase 4

> phase 5: showing in-between state

>> c_{0}: <0/0>
>> c_{1}: <0/0>
>> d_{1}: <0/0>
>> in_{1}: <10/0>
>> in_{2}: <10/0>
>> e_{1,1}: <0/0>
>> e_{1,2}: <0/0>
>> h_{1}: <0/0>
>> h_{2}: <0/0>
>> h_{3}: <0/0>
>> h_{4}: <0/0>
>> h_{5}: <0/0>
>> g_{1}: <0/0>
>> g_{2}: <0/0>
>> g_{3}: <0/0>
>> t_{1}: <0/0>
>> t_{2}: <0/0>
>> acc: <0/0>

- - - - - - - - - - - - - - - time: 2 - - - - - - - - - - - - - - - 

> phase 1: incoming spikes

>> in_{1}: 1
>> h_{3}: 1

> phase 2: showing starting state

>> c_{0}: <0/0>
>> c_{1}: <0/0>
>> d_{1}: <0/0>
>> in_{1}: <11/0>
>> in_{2}: <10/0>
>> e_{1,1}: <0/0>
>> e_{1,2}: <0/0>
>> h_{1}: <0/0>
>> h_{2}: <0/0>
>> h_{3}: <1/0>
>> h_{4}: <0/0>
>> h_{5}: <0/0>
>> g_{1}: <0/0>
>> g_{2}: <0/0>
>> g_{3}: <0/0>
>> t_{1}: <0/0>
>> t_{2}: <0/0>
>> acc: <0/0>

> phase 3: selecting rules

>> in_{1}: Rule(regex='^a(aa)+$', consumed=2, produced=1, delay=0)
>> h_{3}: Rule(regex='^a$', consumed=1, produced=1, delay=0)

> phase 4: accumulating updates, detecting outputs

>> no events during phase 4

> phase 5: showing in-between state

>> c_{0}: <0/0>
>> c_{1}: <0/0>
>> d_{1}: <0/0>
>> in_{1}: <9/0>
>> in_{2}: <10/0>
>> e_{1,1}: <0/0>
>> e_{1,2}: <0/0>
>> h_{1}: <0/0>
>> h_{2}: <0/0>
>> h_{3}: <0/0>
>> h_{4}: <0/0>
>> h_{5}: <0/0>
>> g_{1}: <0/0>
>> g_{2}: <0/0>
>> g_{3}: <0/0>
>> t_{1}: <0/0>
>> t_{2}: <0/0>
>> acc: <0/0>

- - - - - - - - - - - - - - - time: 3 - - - - - - - - - - - - - - - 

> phase 1: incoming spikes

>> e_{1,1}: 1
>> e_{1,2}: 1
>> h_{4}: 1
>> h_{5}: 1

> phase 2: showing starting state

>> c_{0}: <0/0>
>> c_{1}: <0/0>
>> d_{1}: <0/0>
>> in_{1}: <9/0>
>> in_{2}: <10/0>
>> e_{1,1}: <1/0>
>> e_{1,2}: <1/0>
>> h_{1}: <0/0>
>> h_{2}: <0/0>
>> h_{3}: <0/0>
>> h_{4}: <1/0>
>> h_{5}: <1/0>
>> g_{1}: <0/0>
>> g_{2}: <0/0>
>> g_{3}: <0/0>
>> t_{1}: <0/0>
>> t_{2}: <0/0>
>> acc: <0/0>

> phase 3: selecting rules

>> in_{1}: Rule(regex='^a(aa)+$', consumed=2, produced=1, delay=0)
>> e_{1,1}: Rule(regex='^a$', consumed=1, produced=1, delay=0)
>> e_{1,2}: Rule(regex='^a$', consumed=1, produced=1, delay=0)
>> h_{4}: Rule(regex='^a$', consumed=1, produced=1, delay=0)
>> h_{5}: Rule(regex='^a$', consumed=1, produced=1, delay=0)

> phase 4: accumulating updates, detecting outputs

>> no events during phase 4

> phase 5: showing in-between state

>> c_{0}: <0/0>
>> c_{1}: <0/0>
>> d_{1}: <0/0>
>> in_{1}: <7/0>
>> in_{2}: <10/0>
>> e_{1,1}: <0/0>
>> e_{1,2}: <0/0>
>> h_{1}: <0/0>
>> h_{2}: <0/0>
>> h_{3}: <0/0>
>> h_{4}: <0/0>
>> h_{5}: <0/0>
>> g_{1}: <0/0>
>> g_{2}: <0/0>
>> g_{3}: <0/0>
>> t_{1}: <0/0>
>> t_{2}: <0/0>
>> acc: <0/0>

- - - - - - - - - - - - - - - time: 4 - - - - - - - - - - - - - - - 

> phase 1: incoming spikes

>> e_{1,1}: 1
>> e_{1,2}: 1
>> h_{4}: 1
>> h_{5}: 1
>> t_{1}: 3
>> acc: 2

> phase 2: showing starting state

>> c_{0}: <0/0>
>> c_{1}: <0/0>
>> d_{1}: <0/0>
>> in_{1}: <7/0>
>> in_{2}: <10/0>
>> e_{1,1}: <1/0>
>> e_{1,2}: <1/0>
>> h_{1}: <0/0>
>> h_{2}: <0/0>
>> h_{3}: <0/0>
>> h_{4}: <1/0>
>> h_{5}: <1/0>
>> g_{1}: <0/0>
>> g_{2}: <0/0>
>> g_{3}: <0/0>
>> t_{1}: <3/0>
>> t_{2}: <0/0>
>> acc: <2/0>

> phase 3: selecting rules

>> in_{1}: Rule(regex='^a(aa)+$', consumed=2, produced=1, delay=0)
>> e_{1,1}: Rule(regex='^a$', consumed=1, produced=1, delay=0)
>> e_{1,2}: Rule(regex='^a$', consumed=1, produced=1, delay=0)
>> h_{4}: Rule(regex='^a$', consumed=1, produced=1, delay=0)
>> h_{5}: Rule(regex='^a$', consumed=1, produced=1, delay=0)
>> t_{1}: Rule(regex='^a{3}$', consumed=3, produced=0, delay=0)

> phase 4: accumulating updates, detecting outputs

>> no events during phase 4

> phase 5: showing in-between state

>> c_{0}: <0/0>
>> c_{1}: <0/0>
>> d_{1}: <0/0>
>> in_{1}: <5/0>
>> in_{2}: <10/0>
>> e_{1,1}: <0/0>
>> e_{1,2}: <0/0>
>> h_{1}: <0/0>
>> h_{2}: <0/0>
>> h_{3}: <0/0>
>> h_{4}: <0/0>
>> h_{5}: <0/0>
>> g_{1}: <0/0>
>> g_{2}: <0/0>
>> g_{3}: <0/0>
>> t_{1}: <0/0>
>> t_{2}: <0/0>
>> acc: <2/0>

- - - - - - - - - - - - - - - time: 5 - - - - - - - - - - - - - - - 

> phase 1: incoming spikes

>> e_{1,1}: 1
>> e_{1,2}: 1
>> h_{4}: 1
>> h_{5}: 1
>> t_{1}: 3
>> acc: 2

> phase 2: showing starting state

>> c_{0}: <0/0>
>> c_{1}: <0/0>
>> d_{1}: <0/0>
>> in_{1}: <5/0>
>> in_{2}: <10/0>
>> e_{1,1}: <1/0>
>> e_{1,2}: <1/0>
>> h_{1}: <0/0>
>> h_{2}: <0/0>
>> h_{3}: <0/0>
>> h_{4}: <1/0>
>> h_{5}: <1/0>
>> g_{1}: <0/0>
>> g_{2}: <0/0>
>> g_{3}: <0/0>
>> t_{1}: <3/0>
>> t_{2}: <0/0>
>> acc: <4/0>

> phase 3: selecting rules

>> in_{1}: Rule(regex='^a(aa)+$', consumed=2, produced=1, delay=0)
>> e_{1,1}: Rule(regex='^a$', consumed=1, produced=1, delay=0)
>> e_{1,2}: Rule(regex='^a$', consumed=1, produced=1, delay=0)
>> h_{4}: Rule(regex='^a$', consumed=1, produced=1, delay=0)
>> h_{5}: Rule(regex='^a$', consumed=1, produced=1, delay=0)
>> t_{1}: Rule(regex='^a{3}$', consumed=3, produced=0, delay=0)

> phase 4: accumulating updates, detecting outputs

>> no events during phase 4

> phase 5: showing in-between state

>> c_{0}: <0/0>
>> c_{1}: <0/0>
>> d_{1}: <0/0>
>> in_{1}: <3/0>
>> in_{2}: <10/0>
>> e_{1,1}: <0/0>
>> e_{1,2}: <0/0>
>> h_{1}: <0/0>
>> h_{2}: <0/0>
>> h_{3}: <0/0>
>> h_{4}: <0/0>
>> h_{5}: <0/0>
>> g_{1}: <0/0>
>> g_{2}: <0/0>
>> g_{3}: <0/0>
>> t_{1}: <0/0>
>> t_{2}: <0/0>
>> acc: <4/0>

- - - - - - - - - - - - - - - time: 6 - - - - - - - - - - - - - - - 

> phase 1: incoming spikes

>> e_{1,1}: 1
>> e_{1,2}: 1
>> h_{4}: 1
>> h_{5}: 1
>> t_{1}: 3
>> acc: 2

> phase 2: showing starting state

>> c_{0}: <0/0>
>> c_{1}: <0/0>
>> d_{1}: <0/0>
>> in_{1}: <3/0>
>> in_{2}: <10/0>
>> e_{1,1}: <1/0>
>> e_{1,2}: <1/0>
>> h_{1}: <0/0>
>> h_{2}: <0/0>
>> h_{3}: <0/0>
>> h_{4}: <1/0>
>> h_{5}: <1/0>
>> g_{1}: <0/0>
>> g_{2}: <0/0>
>> g_{3}: <0/0>
>> t_{1}: <3/0>
>> t_{2}: <0/0>
>> acc: <6/0>

> phase 3: selecting rules

>> in_{1}: Rule(regex='^a(aa)+$', consumed=2, produced=1, delay=0)
>> e_{1,1}: Rule(regex='^a$', consumed=1, produced=1, delay=0)
>> e_{1,2}: Rule(regex='^a$', consumed=1, produced=1, delay=0)
>> h_{4}: Rule(regex='^a$', consumed=1, produced=1, delay=0)
>> h_{5}: Rule(regex='^a$', consumed=1, produced=1, delay=0)
>> t_{1}: Rule(regex='^a{3}$', consumed=3, produced=0, delay=0)

> phase 4: accumulating updates, detecting outputs

>> no events during phase 4

> phase 5: showing in-between state

>> c_{0}: <0/0>
>> c_{1}: <0/0>
>> d_{1}: <0/0>
>> in_{1}: <1/0>
>> in_{2}: <10/0>
>> e_{1,1}: <0/0>
>> e_{1,2}: <0/0>
>> h_{1}: <0/0>
>> h_{2}: <0/0>
>> h_{3}: <0/0>
>> h_{4}: <0/0>
>> h_{5}: <0/0>
>> g_{1}: <0/0>
>> g_{2}: <0/0>
>> g_{3}: <0/0>
>> t_{1}: <0/0>
>> t_{2}: <0/0>
>> acc: <6/0>

- - - - - - - - - - - - - - - time: 7 - - - - - - - - - - - - - - - 

> phase 1: incoming spikes

>> e_{1,1}: 1
>> e_{1,2}: 1
>> h_{4}: 1
>> h_{5}: 1
>> t_{1}: 3
>> acc: 2

> phase 2: showing starting state

>> c_{0}: <0/0>
>> c_{1}: <0/0>
>> d_{1}: <0/0>
>> in_{1}: <1/0>
>> in_{2}: <10/0>
>> e_{1,1}: <1/0>
>> e_{1,2}: <1/0>
>> h_{1}: <0/0>
>> h_{2}: <0/0>
>> h_{3}: <0/0>
>> h_{4}: <1/0>
>> h_{5}: <1/0>
>> g_{1}: <0/0>
>> g_{2}: <0/0>
>> g_{3}: <0/0>
>> t_{1}: <3/0>
>> t_{2}: <0/0>
>> acc: <8/0>

> phase 3: selecting rules

>> e_{1,1}: Rule(regex='^a$', consumed=1, produced=1, delay=0)
>> e_{1,2}: Rule(regex='^a$', consumed=1, produced=1, delay=0)
>> h_{4}: Rule(regex='^a$', consumed=1, produced=1, delay=0)
>> h_{5}: Rule(regex='^a$', consumed=1, produced=1, delay=0)
>> t_{1}: Rule(regex='^a{3}$', consumed=3, produced=0, delay=0)

> phase 4: accumulating updates, detecting outputs

>> no events during phase 4

> phase 5: showing in-between state

>> c_{0}: <0/0>
>> c_{1}: <0/0>
>> d_{1}: <0/0>
>> in_{1}: <1/0>
>> in_{2}: <10/0>
>> e_{1,1}: <0/0>
>> e_{1,2}: <0/0>
>> h_{1}: <0/0>
>> h_{2}: <0/0>
>> h_{3}: <0/0>
>> h_{4}: <0/0>
>> h_{5}: <0/0>
>> g_{1}: <0/0>
>> g_{2}: <0/0>
>> g_{3}: <0/0>
>> t_{1}: <0/0>
>> t_{2}: <0/0>
>> acc: <8/0>

- - - - - - - - - - - - - - - time: 8 - - - - - - - - - - - - - - - 

> phase 1: incoming spikes

>> h_{4}: 1
>> h_{5}: 1
>> t_{1}: 3
>> acc: 2

> phase 2: showing starting state

>> c_{0}: <0/0>
>> c_{1}: <0/0>
>> d_{1}: <0/0>
>> in_{1}: <1/0>
>> in_{2}: <10/0>
>> e_{1,1}: <0/0>
>> e_{1,2}: <0/0>
>> h_{1}: <0/0>
>> h_{2}: <0/0>
>> h_{3}: <0/0>
>> h_{4}: <1/0>
>> h_{5}: <1/0>
>> g_{1}: <0/0>
>> g_{2}: <0/0>
>> g_{3}: <0/0>
>> t_{1}: <3/0>
>> t_{2}: <0/0>
>> acc: <10/0>

> phase 3: selecting rules

>> h_{4}: Rule(regex='^a$', consumed=1, produced=1, delay=0)
>> h_{5}: Rule(regex='^a$', consumed=1, produced=1, delay=0)
>> t_{1}: Rule(regex='^a{3}$', consumed=3, produced=0, delay=0)

> phase 4: accumulating updates, detecting outputs

>> no events during phase 4

> phase 5: showing in-between state

>> c_{0}: <0/0>
>> c_{1}: <0/0>
>> d_{1}: <0/0>
>> in_{1}: <1/0>
>> in_{2}: <10/0>
>> e_{1,1}: <0/0>
>> e_{1,2}: <0/0>
>> h_{1}: <0/0>
>> h_{2}: <0/0>
>> h_{3}: <0/0>
>> h_{4}: <0/0>
>> h_{5}: <0/0>
>> g_{1}: <0/0>
>> g_{2}: <0/0>
>> g_{3}: <0/0>
>> t_{1}: <0/0>
>> t_{2}: <0/0>
>> acc: <10/0>

- - - - - - - - - - - - - - - time: 9 - - - - - - - - - - - - - - - 

> phase 1: incoming spikes

>> h_{4}: 1
>> h_{5}: 1
>> t_{1}: 1

> phase 2: showing starting state

>> c_{0}: <0/0>
>> c_{1}: <0/0>
>> d_{1}: <0/0>
>> in_{1}: <1/0>
>> in_{2}: <10/0>
>> e_{1,1}: <0/0>
>> e_{1,2}: <0/0>
>> h_{1}: <0/0>
>> h_{2}: <0/0>
>> h_{3}: <0/0>
>> h_{4}: <1/0>
>> h_{5}: <1/0>
>> g_{1}: <0/0>
>> g_{2}: <0/0>
>> g_{3}: <0/0>
>> t_{1}: <1/0>
>> t_{2}: <0/0>
>> acc: <10/0>

> phase 3: selecting rules

>> h_{4}: Rule(regex='^a$', consumed=1, produced=1, delay=0)
>> h_{5}: Rule(regex='^a$', consumed=1, produced=1, delay=0)
>> t_{1}: Rule(regex='^a$', consumed=1, produced=1, delay=0)

> phase 4: accumulating updates, detecting outputs

>> no events during phase 4

> phase 5: showing in-between state

>> c_{0}: <0/0>
>> c_{1}: <0/0>
>> d_{1}: <0/0>
>> in_{1}: <1/0>
>> in_{2}: <10/0>
>> e_{1,1}: <0/0>
>> e_{1,2}: <0/0>
>> h_{1}: <0/0>
>> h_{2}: <0/0>
>> h_{3}: <0/0>
>> h_{4}: <0/0>
>> h_{5}: <0/0>
>> g_{1}: <0/0>
>> g_{2}: <0/0>
>> g_{3}: <0/0>
>> t_{1}: <0/0>
>> t_{2}: <0/0>
>> acc: <10/0>

- - - - - - - - - - - - - - - time: 10 - - - - - - - - - - - - - - - 

> phase 1: incoming spikes

>> h_{4}: 2
>> h_{5}: 2
>> t_{1}: 1
>> t_{2}: 1

> phase 2: showing starting state

>> c_{0}: <0/0>
>> c_{1}: <0/0>
>> d_{1}: <0/0>
>> in_{1}: <1/0>
>> in_{2}: <10/0>
>> e_{1,1}: <0/0>
>> e_{1,2}: <0/0>
>> h_{1}: <0/0>
>> h_{2}: <0/0>
>> h_{3}: <0/0>
>> h_{4}: <2/0>
>> h_{5}: <2/0>
>> g_{1}: <0/0>
>> g_{2}: <0/0>
>> g_{3}: <0/0>
>> t_{1}: <1/0>
>> t_{2}: <1/0>
>> acc: <10/0>

> phase 3: selecting rules

>> t_{1}: Rule(regex='^a$', consumed=1, produced=1, delay=0)

> phase 4: accumulating updates, detecting outputs

>> no events during phase 4

> phase 5: showing in-between state

>> c_{0}: <0/0>
>> c_{1}: <0/0>
>> d_{1}: <0/0>
>> in_{1}: <1/0>
>> in_{2}: <10/0>
>> e_{1,1}: <0/0>
>> e_{1,2}: <0/0>
>> h_{1}: <0/0>
>> h_{2}: <0/0>
>> h_{3}: <0/0>
>> h_{4}: <2/0>
>> h_{5}: <2/0>
>> g_{1}: <0/0>
>> g_{2}: <0/0>
>> g_{3}: <0/0>
>> t_{1}: <0/0>
>> t_{2}: <1/0>
>> acc: <10/0>

- - - - - - - - - - - - - - - time: 11 - - - - - - - - - - - - - - - 

> phase 1: incoming spikes

>> h_{4}: 1
>> h_{5}: 1
>> t_{2}: 1

> phase 2: showing starting state

>> c_{0}: <0/0>
>> c_{1}: <0/0>
>> d_{1}: <0/0>
>> in_{1}: <1/0>
>> in_{2}: <10/0>
>> e_{1,1}: <0/0>
>> e_{1,2}: <0/0>
>> h_{1}: <0/0>
>> h_{2}: <0/0>
>> h_{3}: <0/0>
>> h_{4}: <3/0>
>> h_{5}: <3/0>
>> g_{1}: <0/0>
>> g_{2}: <0/0>
>> g_{3}: <0/0>
>> t_{1}: <0/0>
>> t_{2}: <2/0>
>> acc: <10/0>

> phase 3: selecting rules

>> t_{2}: Rule(regex='^a{2}$', consumed=2, produced=1, delay=0)

> phase 4: accumulating updates, detecting outputs

>> no events during phase 4

> phase 5: showing in-between state

>> c_{0}: <0/0>
>> c_{1}: <0/0>
>> d_{1}: <0/0>
>> in_{1}: <1/0>
>> in_{2}: <10/0>
>> e_{1,1}: <0/0>
>> e_{1,2}: <0/0>
>> h_{1}: <0/0>
>> h_{2}: <0/0>
>> h_{3}: <0/0>
>> h_{4}: <3/0>
>> h_{5}: <3/0>
>> g_{1}: <0/0>
>> g_{2}: <0/0>
>> g_{3}: <0/0>
>> t_{1}: <0/0>
>> t_{2}: <0/0>
>> acc: <10/0>

- - - - - - - - - - - - - - - time: 12 - - - - - - - - - - - - - - - 

> phase 1: incoming spikes

>> in_{2}: 1
>> acc: 1

> phase 2: showing starting state

>> c_{0}: <0/0>
>> c_{1}: <0/0>
>> d_{1}: <0/0>
>> in_{1}: <1/0>
>> in_{2}: <11/0>
>> e_{1,1}: <0/0>
>> e_{1,2}: <0/0>
>> h_{1}: <0/0>
>> h_{2}: <0/0>
>> h_{3}: <0/0>
>> h_{4}: <3/0>
>> h_{5}: <3/0>
>> g_{1}: <0/0>
>> g_{2}: <0/0>
>> g_{3}: <0/0>
>> t_{1}: <0/0>
>> t_{2}: <0/0>
>> acc: <11/0>

> phase 3: selecting rules

>> in_{2}: Rule(regex='^a(aa)+$', consumed=2, produced=1, delay=0)
>> acc: Rule(regex='^a(aa)+$', consumed=2, produced=1, delay=0)

> phase 4: accumulating updates, detecting outputs

>> no events during phase 4

> phase 5: showing in-between state

>> c_{0}: <0/0>
>> c_{1}: <0/0>
>> d_{1}: <0/0>
>> in_{1}: <1/0>
>> in_{2}: <9/0>
>> e_{1,1}: <0/0>
>> e_{1,2}: <0/0>
>> h_{1}: <0/0>
>> h_{2}: <0/0>
>> h_{3}: <0/0>
>> h_{4}: <3/0>
>> h_{5}: <3/0>
>> g_{1}: <0/0>
>> g_{2}: <0/0>
>> g_{3}: <0/0>
>> t_{1}: <0/0>
>> t_{2}: <0/0>
>> acc: <9/0>

- - - - - - - - - - - - - - - time: 13 - - - - - - - - - - - - - - - 

> phase 1: incoming spikes

>> g_{1}: 2

> phase 2: showing starting state

>> c_{0}: <0/0>
>> c_{1}: <0/0>
>> d_{1}: <0/0>
>> in_{1}: <1/0>
>> in_{2}: <9/0>
>> e_{1,1}: <0/0>
>> e_{1,2}: <0/0>
>> h_{1}: <0/0>
>> h_{2}: <0/0>
>> h_{3}: <0/0>
>> h_{4}: <3/0>
>> h_{5}: <3/0>
>> g_{1}: <2/0>
>> g_{2}: <0/0>
>> g_{3}: <0/0>
>> t_{1}: <0/0>
>> t_{2}: <0/0>
>> acc: <9/0>

> phase 3: selecting rules

>> in_{2}: Rule(regex='^a(aa)+$', consumed=2, produced=1, delay=0)
>> g_{1}: Rule(regex='^a{2}$', consumed=2, produced=0, delay=0)
>> acc: Rule(regex='^a(aa)+$', consumed=2, produced=1, delay=0)

> phase 4: accumulating updates, detecting outputs

>> no events during phase 4

> phase 5: showing in-between state

>> c_{0}: <0/0>
>> c_{1}: <0/0>
>> d_{1}: <0/0>
>> in_{1}: <1/0>
>> in_{2}: <7/0>
>> e_{1,1}: <0/0>
>> e_{1,2}: <0/0>
>> h_{1}: <0/0>
>> h_{2}: <0/0>
>> h_{3}: <0/0>
>> h_{4}: <3/0>
>> h_{5}: <3/0>
>> g_{1}: <0/0>
>> g_{2}: <0/0>
>> g_{3}: <0/0>
>> t_{1}: <0/0>
>> t_{2}: <0/0>
>> acc: <7/0>

- - - - - - - - - - - - - - - time: 14 - - - - - - - - - - - - - - - 

> phase 1: incoming spikes

>> g_{1}: 2

> phase 2: showing starting state

>> c_{0}: <0/0>
>> c_{1}: <0/0>
>> d_{1}: <0/0>
>> in_{1}: <1/0>
>> in_{2}: <7/0>
>> e_{1,1}: <0/0>
>> e_{1,2}: <0/0>
>> h_{1}: <0/0>
>> h_{2}: <0/0>
>> h_{3}: <0/0>
>> h_{4}: <3/0>
>> h_{5}: <3/0>
>> g_{1}: <2/0>
>> g_{2}: <0/0>
>> g_{3}: <0/0>
>> t_{1}: <0/0>
>> t_{2}: <0/0>
>> acc: <7/0>

> phase 3: selecting rules

>> in_{2}: Rule(regex='^a(aa)+$', consumed=2, produced=1, delay=0)
>> g_{1}: Rule(regex='^a{2}$', consumed=2, produced=0, delay=0)
>> acc: Rule(regex='^a(aa)+$', consumed=2, produced=1, delay=0)

> phase 4: accumulating updates, detecting outputs

>> no events during phase 4

> phase 5: showing in-between state

>> c_{0}: <0/0>
>> c_{1}: <0/0>
>> d_{1}: <0/0>
>> in_{1}: <1/0>
>> in_{2}: <5/0>
>> e_{1,1}: <0/0>
>> e_{1,2}: <0/0>
>> h_{1}: <0/0>
>> h_{2}: <0/0>
>> h_{3}: <0/0>
>> h_{4}: <3/0>
>> h_{5}: <3/0>
>> g_{1}: <0/0>
>> g_{2}: <0/0>
>> g_{3}: <0/0>
>> t_{1}: <0/0>
>> t_{2}: <0/0>
>> acc: <5/0>

- - - - - - - - - - - - - - - time: 15 - - - - - - - - - - - - - - - 

> phase 1: incoming spikes

>> g_{1}: 2

> phase 2: showing starting state

>> c_{0}: <0/0>
>> c_{1}: <0/0>
>> d_{1}: <0/0>
>> in_{1}: <1/0>
>> in_{2}: <5/0>
>> e_{1,1}: <0/0>
>> e_{1,2}: <0/0>
>> h_{1}: <0/0>
>> h_{2}: <0/0>
>> h_{3}: <0/0>
>> h_{4}: <3/0>
>> h_{5}: <3/0>
>> g_{1}: <2/0>
>> g_{2}: <0/0>
>> g_{3}: <0/0>
>> t_{1}: <0/0>
>> t_{2}: <0/0>
>> acc: <5/0>

> phase 3: selecting rules

>> in_{2}: Rule(regex='^a(aa)+$', consumed=2, produced=1, delay=0)
>> g_{1}: Rule(regex='^a{2}$', consumed=2, produced=0, delay=0)
>> acc: Rule(regex='^a(aa)+$', consumed=2, produced=1, delay=0)

> phase 4: accumulating updates, detecting outputs

>> no events during phase 4

> phase 5: showing in-between state

>> c_{0}: <0/0>
>> c_{1}: <0/0>
>> d_{1}: <0/0>
>> in_{1}: <1/0>
>> in_{2}: <3/0>
>> e_{1,1}: <0/0>
>> e_{1,2}: <0/0>
>> h_{1}: <0/0>
>> h_{2}: <0/0>
>> h_{3}: <0/0>
>> h_{4}: <3/0>
>> h_{5}: <3/0>
>> g_{1}: <0/0>
>> g_{2}: <0/0>
>> g_{3}: <0/0>
>> t_{1}: <0/0>
>> t_{2}: <0/0>
>> acc: <3/0>

- - - - - - - - - - - - - - - time: 16 - - - - - - - - - - - - - - - 

> phase 1: incoming spikes

>> g_{1}: 2

> phase 2: showing starting state

>> c_{0}: <0/0>
>> c_{1}: <0/0>
>> d_{1}: <0/0>
>> in_{1}: <1/0>
>> in_{2}: <3/0>
>> e_{1,1}: <0/0>
>> e_{1,2}: <0/0>
>> h_{1}: <0/0>
>> h_{2}: <0/0>
>> h_{3}: <0/0>
>> h_{4}: <3/0>
>> h_{5}: <3/0>
>> g_{1}: <2/0>
>> g_{2}: <0/0>
>> g_{3}: <0/0>
>> t_{1}: <0/0>
>> t_{2}: <0/0>
>> acc: <3/0>

> phase 3: selecting rules

>> in_{2}: Rule(regex='^a(aa)+$', consumed=2, produced=1, delay=0)
>> g_{1}: Rule(regex='^a{2}$', consumed=2, produced=0, delay=0)
>> acc: Rule(regex='^a(aa)+$', consumed=2, produced=1, delay=0)

> phase 4: accumulating updates, detecting outputs

>> no events during phase 4

> phase 5: showing in-between state

>> c_{0}: <0/0>
>> c_{1}: <0/0>
>> d_{1}: <0/0>
>> in_{1}: <1/0>
>> in_{2}: <1/0>
>> e_{1,1}: <0/0>
>> e_{1,2}: <0/0>
>> h_{1}: <0/0>
>> h_{2}: <0/0>
>> h_{3}: <0/0>
>> h_{4}: <3/0>
>> h_{5}: <3/0>
>> g_{1}: <0/0>
>> g_{2}: <0/0>
>> g_{3}: <0/0>
>> t_{1}: <0/0>
>> t_{2}: <0/0>
>> acc: <1/0>

- - - - - - - - - - - - - - - time: 17 - - - - - - - - - - - - - - - 

> phase 1: incoming spikes

>> g_{1}: 2

> phase 2: showing starting state

>> c_{0}: <0/0>
>> c_{1}: <0/0>
>> d_{1}: <0/0>
>> in_{1}: <1/0>
>> in_{2}: <1/0>
>> e_{1,1}: <0/0>
>> e_{1,2}: <0/0>
>> h_{1}: <0/0>
>> h_{2}: <0/0>
>> h_{3}: <0/0>
>> h_{4}: <3/0>
>> h_{5}: <3/0>
>> g_{1}: <2/0>
>> g_{2}: <0/0>
>> g_{3}: <0/0>
>> t_{1}: <0/0>
>> t_{2}: <0/0>
>> acc: <1/0>

> phase 3: selecting rules

>> g_{1}: Rule(regex='^a{2}$', consumed=2, produced=0, delay=0)

> phase 4: accumulating updates, detecting outputs

>> no events during phase 4

> phase 5: showing in-between state

>> c_{0}: <0/0>
>> c_{1}: <0/0>
>> d_{1}: <0/0>
>> in_{1}: <1/0>
>> in_{2}: <1/0>
>> e_{1,1}: <0/0>
>> e_{1,2}: <0/0>
>> h_{1}: <0/0>
>> h_{2}: <0/0>
>> h_{3}: <0/0>
>> h_{4}: <3/0>
>> h_{5}: <3/0>
>> g_{1}: <0/0>
>> g_{2}: <0/0>
>> g_{3}: <0/0>
>> t_{1}: <0/0>
>> t_{2}: <0/0>
>> acc: <1/0>

- - - - - - - - - - - - - - - time: 18 - - - - - - - - - - - - - - - 

> phase 1: incoming spikes

>> no events during phase 1

> phase 2: showing starting state

>> c_{0}: <0/0>
>> c_{1}: <0/0>
>> d_{1}: <0/0>
>> in_{1}: <1/0>
>> in_{2}: <1/0>
>> e_{1,1}: <0/0>
>> e_{1,2}: <0/0>
>> h_{1}: <0/0>
>> h_{2}: <0/0>
>> h_{3}: <0/0>
>> h_{4}: <3/0>
>> h_{5}: <3/0>
>> g_{1}: <0/0>
>> g_{2}: <0/0>
>> g_{3}: <0/0>
>> t_{1}: <0/0>
>> t_{2}: <0/0>
>> acc: <1/0>

> phase 3: selecting rules

>> no events during phase 3

> phase 4: accumulating updates, detecting outputs

>> no events during phase 4

> phase 5: showing in-between state

>> c_{0}: <0/0>
>> c_{1}: <0/0>
>> d_{1}: <0/0>
>> in_{1}: <1/0>
>> in_{2}: <1/0>
>> e_{1,1}: <0/0>
>> e_{1,2}: <0/0>
>> h_{1}: <0/0>
>> h_{2}: <0/0>
>> h_{3}: <0/0>
>> h_{4}: <3/0>
>> h_{5}: <3/0>
>> g_{1}: <0/0>
>> g_{2}: <0/0>
>> g_{3}: <0/0>
>> t_{1}: <0/0>
>> t_{2}: <0/0>
>> acc: <1/0>

